<?xml version="1.0" encoding="UTF-8"?>
<testng-results skipped="0" failed="0" ignored="0" total="1" passed="1">
  <reporter-output>
  </reporter-output>
  <suite name="Default suite" duration-ms="127908" started-at="2020-08-10T20:09:47Z" finished-at="2020-08-10T20:11:55Z">
    <groups>
    </groups>
    <test name="Default test" duration-ms="127908" started-at="2020-08-10T20:09:47Z" finished-at="2020-08-10T20:11:55Z">
      <class name="Miko.SeleniumFramework.MainTest">
        <test-method status="PASS" signature="wholeTest()[pri:0, instance:Miko.SeleniumFramework.MainTest@6eebc39e]" name="wholeTest" duration-ms="127688" started-at="2020-08-10T20:09:47Z" finished-at="2020-08-10T20:11:55Z">
          <reporter-output>
          </reporter-output>
        </test-method> <!-- wholeTest -->
      </class> <!-- Miko.SeleniumFramework.MainTest -->
    </test> <!-- Default test -->
  </suite> <!-- Default suite -->
</testng-results>
