<?xml version="1.0" encoding="UTF-8"?>
<testng-results ignored="0" total="1" passed="1" failed="0" skipped="0">
  <reporter-output>
  </reporter-output>
  <suite started-at="2020-08-12T21:15:39 PST" name="Default suite" finished-at="2020-08-12T21:16:15 PST" duration-ms="35545">
    <groups>
    </groups>
    <test started-at="2020-08-12T21:15:39 PST" name="Default test" finished-at="2020-08-12T21:16:15 PST" duration-ms="35545">
      <class name="Miko.SeleniumFramework.MainTest">
        <test-method signature="wholeTest()[pri:0, instance:Miko.SeleniumFramework.MainTest@670002]" started-at="2020-08-12T21:15:39 PST" name="wholeTest" finished-at="2020-08-12T21:16:15 PST" duration-ms="35474" status="PASS">
          <reporter-output>
          </reporter-output>
        </test-method> <!-- wholeTest -->
      </class> <!-- Miko.SeleniumFramework.MainTest -->
    </test> <!-- Default test -->
  </suite> <!-- Default suite -->
</testng-results>
